<?xml version="1.0" encoding="UTF-8"?>
<!-- Generated by org.testng.reporters.JUnitXMLReporter -->
<testsuite hostname="LAPTOP-5J17UUPN" ignored="0" name="beforeafter" tests="6" failures="0" timestamp="2020-01-23T11:58:07 IST" time="0.067" errors="0">
  <testcase name="tc_001" time="0.008" classname="FW_Testnn_before_after_conditions.test1"/>
  <testcase name="tc_002" time="0.001" classname="FW_Testnn_before_after_conditions.test1"/>
  <testcase name="tc_003" time="0.002" classname="FW_Testnn_before_after_conditions.test2"/>
  <testcase name="tc_005" time="0.002" classname="FW_Testnn_before_after_conditions.test2"/>
  <testcase name="tc_005" time="0.001" classname="FW_Testnn_before_after_conditions.Test4"/>
  <testcase name="tc_009" time="0.002" classname="FW_Testnn_before_after_conditions.Test4"/>
</testsuite> <!-- beforeafter -->
