<?xml version="1.0" encoding="UTF-8"?>
<!-- Generated by org.testng.reporters.JUnitXMLReporter -->
<testsuite hostname="LAPTOP-5J17UUPN" ignored="5" name="testsuite" tests="4" failures="0" timestamp="2020-01-21T23:18:57 IST" time="0.036" errors="0">
  <testcase name="tc_002" time="0.008" classname="FW_testng_testsuite.testclass1"/>
  <testcase name="tc_005" time="0.0" classname="FW_testng_testsuite.testclass2"/>
  <testcase name="tc_008" time="0.001" classname="FW_testng_testsuite.testclass3"/>
  <testcase name="tc_009" time="0.001" classname="FW_testng_testsuite.testclass3"/>
  <testcase name="tc_003" time="0.0" classname="FW_testng_testsuite.testclass1">
    <ignored/>
  </testcase> <!-- tc_003 -->
  <testcase name="tc_001" time="0.0" classname="FW_testng_testsuite.testclass1">
    <ignored/>
  </testcase> <!-- tc_001 -->
  <testcase name="tc_004" time="0.0" classname="FW_testng_testsuite.testclass2">
    <ignored/>
  </testcase> <!-- tc_004 -->
  <testcase name="tc_006" time="0.0" classname="FW_testng_testsuite.testclass2">
    <ignored/>
  </testcase> <!-- tc_006 -->
  <testcase name="tc_007" time="0.0" classname="FW_testng_testsuite.testclass3">
    <ignored/>
  </testcase> <!-- tc_007 -->
</testsuite> <!-- testsuite -->
